<?xml version="1.0" encoding="UTF-8"?>
<!-- Generated by org.testng.reporters.JUnitReportReporter -->
<testsuite skipped="0" hostname="DESKTOP-UBN28FC" name="cucumberoptions.TestRunnerTestNG" tests="5" failures="0" timestamp="2021-07-28T14:49:00 IST" time="63.802" errors="0">
  <testcase name="runScenario" time="16.735" classname="cucumberoptions.TestRunnerTestNG"/>
  <system-out/>
  <testcase name="runScenario" time="0.065" classname="cucumberoptions.TestRunnerTestNG"/>
  <system-out/>
  <testcase name="runScenario" time="22.784" classname="cucumberoptions.TestRunnerTestNG"/>
  <system-out/>
  <testcase name="runScenario" time="24.190" classname="cucumberoptions.TestRunnerTestNG"/>
  <system-out/>
  <testcase name="runScenario" time="0.028" classname="cucumberoptions.TestRunnerTestNG"/>
  <system-out/>
</testsuite> <!-- cucumberoptions.TestRunnerTestNG -->
