<?xml version="1.0" encoding="UTF-8"?>
<!-- Generated by org.testng.reporters.JUnitReportReporter -->
<testsuite hostname="DESKTOP-UBN28FC" failures="0" tests="2" name="stepdefination.TestRunnerTestNG" time="0.330" errors="0" timestamp="2021-07-24T11:33:54 IST" skipped="0">
  <testcase classname="stepdefination.TestRunnerTestNG" name="runScenario" time="0.029"/>
  <system-out/>
  <testcase classname="stepdefination.TestRunnerTestNG" name="runScenario" time="0.301"/>
  <system-out/>
</testsuite> <!-- stepdefination.TestRunnerTestNG -->
