<?xml version="1.0" encoding="UTF-8"?>
<!-- Generated by org.testng.reporters.JUnitReportReporter -->
<testsuite hostname="DESKTOP-UBN28FC" failures="0" tests="3" name="cucumberoptions.TestRunnerTestNG" time="17.232" errors="0" timestamp="2021-07-26T12:26:09 IST" skipped="0">
  <testcase classname="cucumberoptions.TestRunnerTestNG" name="runScenario" time="0.057"/>
  <system-out/>
  <testcase classname="cucumberoptions.TestRunnerTestNG" name="runScenario" time="0.046"/>
  <system-out/>
  <testcase classname="cucumberoptions.TestRunnerTestNG" name="runScenario" time="17.129"/>
  <system-out/>
</testsuite> <!-- cucumberoptions.TestRunnerTestNG -->
